Colaveco/JavaModel/mobile/Android/HomeColaveco/build/intermediates/manifest_merge_blame_file/debug/manifest-merger-blame-debug-report.txt
1<?xml version="1.0" encoding="utf-8"?>
2<manifest xmlns:android="http://schemas.android.com/apk/res/android"
3    package="com.artech.colaveco.homecolaveco"
4    android:installLocation="auto"
5    android:versionCode="10"
6    android:versionName="1.0" >
7
8    <uses-sdk
9        android:minSdkVersion="21"
9-->src\main\AndroidManifest.xml
10        android:targetSdkVersion="31" />
10-->src\main\AndroidManifest.xml
11
12    <!-- used for CameraAPI or attributes/variables multimedia in android:maxSdkVersion="23" , used for PhotoLibrary API in all apis -->
13    <uses-permission android:name="android.permission.WRITE_EXTERNAL_STORAGE" />
13-->src\main\AndroidManifest.xml:8:5-81
13-->src\main\AndroidManifest.xml:8:22-78
14    <uses-permission android:name="android.permission.ACCESS_NETWORK_STATE" />
14-->[com.genexus:CoreExternalObjects:17.7.2] AndroidManifest.xml:12:5-79
14-->[com.genexus:CoreExternalObjects:17.7.2] AndroidManifest.xml:12:22-76
15    <uses-permission android:name="android.permission.CHANGE_NETWORK_STATE" />
15-->[com.genexus:CoreExternalObjects:17.7.2] AndroidManifest.xml:13:5-79
15-->[com.genexus:CoreExternalObjects:17.7.2] AndroidManifest.xml:13:22-76
16
17    <queries>
17-->[com.genexus:CoreExternalObjects:17.7.2] AndroidManifest.xml:15:5-26:15
18        <intent>
18-->[com.genexus:CoreExternalObjects:17.7.2] AndroidManifest.xml:16:9-20:18
19            <action android:name="android.intent.action.PICK" />
19-->[com.genexus:CoreExternalObjects:17.7.2] AndroidManifest.xml:17:13-65
19-->[com.genexus:CoreExternalObjects:17.7.2] AndroidManifest.xml:17:21-62
20
21            <data android:mimeType="vnd.android.cursor.dir/phone_v2" />
21-->src\main\AndroidManifest.xml:40:17-79
22        </intent>
23        <intent>
23-->[com.genexus:CoreExternalObjects:17.7.2] AndroidManifest.xml:21:9-25:18
24            <action android:name="android.intent.action.VIEW" />
24-->src\main\AndroidManifest.xml:37:17-68
24-->src\main\AndroidManifest.xml:37:25-66
25
26            <data android:mimeType="*/*" />
26-->src\main\AndroidManifest.xml:40:17-79
27        </intent>
28        <intent>
28-->[com.genexus:FlexibleClient:17.7.2] AndroidManifest.xml:16:9-20:18
29            <action android:name="android.intent.action.GET_CONTENT" />
29-->[com.genexus:FlexibleClient:17.7.2] AndroidManifest.xml:17:13-72
29-->[com.genexus:FlexibleClient:17.7.2] AndroidManifest.xml:17:21-69
30
31            <data android:mimeType="audio/*, image/*, video/*" />
31-->src\main\AndroidManifest.xml:40:17-79
32        </intent>
33        <intent>
33-->[com.genexus:FlexibleClient:17.7.2] AndroidManifest.xml:21:9-25:18
34            <action android:name="android.intent.action.OPEN_DOCUMENT" />
34-->[com.genexus:FlexibleClient:17.7.2] AndroidManifest.xml:22:13-74
34-->[com.genexus:FlexibleClient:17.7.2] AndroidManifest.xml:22:21-71
35
36            <data android:mimeType="audio/*, image/*, video/*" />
36-->src\main\AndroidManifest.xml:40:17-79
37        </intent>
38        <intent>
38-->[com.genexus:FlexibleClient:17.7.2] AndroidManifest.xml:26:9-28:18
39            <action android:name="android.media.action.IMAGE_CAPTURE" />
39-->[com.genexus:FlexibleClient:17.7.2] AndroidManifest.xml:27:13-73
39-->[com.genexus:FlexibleClient:17.7.2] AndroidManifest.xml:27:21-70
40        </intent>
41        <intent>
41-->[com.genexus:FlexibleClient:17.7.2] AndroidManifest.xml:29:9-31:18
42            <action android:name="android.media.action.VIDEO_CAPTURE" />
42-->[com.genexus:FlexibleClient:17.7.2] AndroidManifest.xml:30:13-73
42-->[com.genexus:FlexibleClient:17.7.2] AndroidManifest.xml:30:21-70
43        </intent>
44        <intent>
44-->[com.genexus:FlexibleClient:17.7.2] AndroidManifest.xml:32:9-34:18
45            <action android:name="android.provider.MediaStore.RECORD_SOUND" />
45-->[com.genexus:FlexibleClient:17.7.2] AndroidManifest.xml:33:13-79
45-->[com.genexus:FlexibleClient:17.7.2] AndroidManifest.xml:33:21-76
46        </intent>
47        <intent>
47-->[com.genexus:FlexibleClient:17.7.2] AndroidManifest.xml:35:9-39:18
48            <action android:name="android.intent.action.SENDTO" />
48-->[com.genexus:FlexibleClient:17.7.2] AndroidManifest.xml:36:13-67
48-->[com.genexus:FlexibleClient:17.7.2] AndroidManifest.xml:36:21-64
49
50            <data android:scheme="smsto" />
50-->src\main\AndroidManifest.xml:40:17-79
50-->src\main\AndroidManifest.xml:40:23-77
51        </intent>
52        <intent>
52-->[com.genexus:FlexibleClient:17.7.2] AndroidManifest.xml:40:9-42:18
53            <action android:name="com.google.android.youtube.api.service.START" />
53-->[com.genexus:FlexibleClient:17.7.2] AndroidManifest.xml:41:13-83
53-->[com.genexus:FlexibleClient:17.7.2] AndroidManifest.xml:41:21-80
54        </intent>
55    </queries>
56
57    <uses-permission android:name="android.permission.INTERNET" /> <!-- for android -->
57-->[com.genexus:FlexibleClient:17.7.2] AndroidManifest.xml:12:5-67
57-->[com.genexus:FlexibleClient:17.7.2] AndroidManifest.xml:12:22-64
58    <!-- <uses-permission android:name="com.android.launcher.permission.READ_SETTINGS"/> -->
59    <!-- <uses-permission android:name="com.android.launcher.permission.WRITE_SETTINGS"/> -->
60    <!-- <uses-permission android:name="com.android.launcher.permission.INSTALL_SHORTCUT" /> -->
61    <!-- <uses-permission android:name="com.android.launcher.permission.UNINSTALL_SHORTCUT" /> -->
62    <!-- for Samsung -->
63    <uses-permission android:name="com.sec.android.provider.badge.permission.READ" />
63-->[me.leolin:ShortcutBadger:1.1.22] AndroidManifest.xml:19:5-86
63-->[me.leolin:ShortcutBadger:1.1.22] AndroidManifest.xml:19:22-83
64    <uses-permission android:name="com.sec.android.provider.badge.permission.WRITE" /> <!-- for htc -->
64-->[me.leolin:ShortcutBadger:1.1.22] AndroidManifest.xml:20:5-87
64-->[me.leolin:ShortcutBadger:1.1.22] AndroidManifest.xml:20:22-84
65    <uses-permission android:name="com.htc.launcher.permission.READ_SETTINGS" />
65-->[me.leolin:ShortcutBadger:1.1.22] AndroidManifest.xml:23:5-81
65-->[me.leolin:ShortcutBadger:1.1.22] AndroidManifest.xml:23:22-78
66    <uses-permission android:name="com.htc.launcher.permission.UPDATE_SHORTCUT" /> <!-- for sony -->
66-->[me.leolin:ShortcutBadger:1.1.22] AndroidManifest.xml:24:5-83
66-->[me.leolin:ShortcutBadger:1.1.22] AndroidManifest.xml:24:22-80
67    <uses-permission android:name="com.sonyericsson.home.permission.BROADCAST_BADGE" />
67-->[me.leolin:ShortcutBadger:1.1.22] AndroidManifest.xml:27:5-88
67-->[me.leolin:ShortcutBadger:1.1.22] AndroidManifest.xml:27:22-85
68    <uses-permission android:name="com.sonymobile.home.permission.PROVIDER_INSERT_BADGE" /> <!-- for apex -->
68-->[me.leolin:ShortcutBadger:1.1.22] AndroidManifest.xml:28:5-92
68-->[me.leolin:ShortcutBadger:1.1.22] AndroidManifest.xml:28:22-89
69    <uses-permission android:name="com.anddoes.launcher.permission.UPDATE_COUNT" /> <!-- for solid -->
69-->[me.leolin:ShortcutBadger:1.1.22] AndroidManifest.xml:31:5-84
69-->[me.leolin:ShortcutBadger:1.1.22] AndroidManifest.xml:31:22-81
70    <uses-permission android:name="com.majeur.launcher.permission.UPDATE_BADGE" /> <!-- for huawei -->
70-->[me.leolin:ShortcutBadger:1.1.22] AndroidManifest.xml:34:5-83
70-->[me.leolin:ShortcutBadger:1.1.22] AndroidManifest.xml:34:22-80
71    <uses-permission android:name="com.huawei.android.launcher.permission.CHANGE_BADGE" />
71-->[me.leolin:ShortcutBadger:1.1.22] AndroidManifest.xml:37:5-91
71-->[me.leolin:ShortcutBadger:1.1.22] AndroidManifest.xml:37:22-88
72    <uses-permission android:name="com.huawei.android.launcher.permission.READ_SETTINGS" />
72-->[me.leolin:ShortcutBadger:1.1.22] AndroidManifest.xml:38:5-92
72-->[me.leolin:ShortcutBadger:1.1.22] AndroidManifest.xml:38:22-89
73    <uses-permission android:name="com.huawei.android.launcher.permission.WRITE_SETTINGS" /> <!-- for ZUK -->
73-->[me.leolin:ShortcutBadger:1.1.22] AndroidManifest.xml:39:5-93
73-->[me.leolin:ShortcutBadger:1.1.22] AndroidManifest.xml:39:22-90
74    <uses-permission android:name="android.permission.READ_APP_BADGE" /> <!-- for OPPO -->
74-->[me.leolin:ShortcutBadger:1.1.22] AndroidManifest.xml:42:5-73
74-->[me.leolin:ShortcutBadger:1.1.22] AndroidManifest.xml:42:22-70
75    <uses-permission android:name="com.oppo.launcher.permission.READ_SETTINGS" />
75-->[me.leolin:ShortcutBadger:1.1.22] AndroidManifest.xml:45:5-82
75-->[me.leolin:ShortcutBadger:1.1.22] AndroidManifest.xml:45:22-79
76    <uses-permission android:name="com.oppo.launcher.permission.WRITE_SETTINGS" /> <!-- for EvMe -->
76-->[me.leolin:ShortcutBadger:1.1.22] AndroidManifest.xml:46:5-83
76-->[me.leolin:ShortcutBadger:1.1.22] AndroidManifest.xml:46:22-80
77    <uses-permission android:name="me.everything.badger.permission.BADGE_COUNT_READ" />
77-->[me.leolin:ShortcutBadger:1.1.22] AndroidManifest.xml:49:5-88
77-->[me.leolin:ShortcutBadger:1.1.22] AndroidManifest.xml:49:22-85
78    <uses-permission android:name="me.everything.badger.permission.BADGE_COUNT_WRITE" />
78-->[me.leolin:ShortcutBadger:1.1.22] AndroidManifest.xml:50:5-89
78-->[me.leolin:ShortcutBadger:1.1.22] AndroidManifest.xml:50:22-86
79
80    <application
80-->src\main\AndroidManifest.xml:10:5-44:17
81        android:name="com.artech.colaveco.homecolaveco.MainApplication"
81-->src\main\AndroidManifest.xml:10:18-49
82        android:allowBackup="false"
82-->src\main\AndroidManifest.xml:13:18-45
83        android:appComponentFactory="androidx.core.app.CoreComponentFactory"
83-->[androidx.core:core:1.3.0-rc01] AndroidManifest.xml:24:18-86
84        android:debuggable="true"
85        android:hardwareAccelerated="true"
85-->src\main\AndroidManifest.xml:11:18-52
86        android:icon="@drawable/appicon"
86-->src\main\AndroidManifest.xml:16:18-50
87        android:label="@string/app_name"
87-->src\main\AndroidManifest.xml:18:18-50
88        android:networkSecurityConfig="@xml/network_security_config"
88-->src\main\AndroidManifest.xml:17:18-78
89        android:resizeableActivity="false"
89-->src\main\AndroidManifest.xml:12:18-52
90        android:supportsRtl="true"
90-->src\main\AndroidManifest.xml:14:18-44
91        android:theme="@style/ApplicationTheme" >
91-->src\main\AndroidManifest.xml:15:18-57
92        <uses-library
92-->src\main\AndroidManifest.xml:20:6-84
93            android:name="org.apache.http.legacy"
93-->src\main\AndroidManifest.xml:20:20-57
94            android:required="false" />
94-->src\main\AndroidManifest.xml:20:58-82
95
96        <activity
96-->src\main\AndroidManifest.xml:22:9-27:20
97            android:name="com.artech.activities.StartupActivity"
97-->src\main\AndroidManifest.xml:22:19-71
98            android:exported="true"
98-->src\main\AndroidManifest.xml:22:105-128
99            android:label="@string/app_name" >
99-->src\main\AndroidManifest.xml:22:72-104
100            <intent-filter>
100-->src\main\AndroidManifest.xml:23:13-26:29
101                <action android:name="android.intent.action.MAIN" />
101-->src\main\AndroidManifest.xml:24:17-69
101-->src\main\AndroidManifest.xml:24:25-66
102
103                <category android:name="android.intent.category.LAUNCHER" />
103-->src\main\AndroidManifest.xml:25:17-77
103-->src\main\AndroidManifest.xml:25:27-74
104            </intent-filter>
105        </activity>
106
107        <!-- Provider -->
108        <provider
108-->src\main\AndroidManifest.xml:30:9-189
109            android:name="com.artech.colaveco.homecolaveco.AppEntityDataProvider"
109-->src\main\AndroidManifest.xml:30:19-88
110            android:authorities="com.artech.colaveco.homecolaveco.appentityprovider"
110-->src\main\AndroidManifest.xml:30:114-186
111            android:exported="false" />
111-->src\main\AndroidManifest.xml:30:89-113
112
113        <!-- Service -->
114        <service
114-->src\main\AndroidManifest.xml:33:9-108
115            android:name="com.artech.colaveco.homecolaveco.AppEntityService"
115-->src\main\AndroidManifest.xml:33:41-105
116            android:enabled="true" />
116-->src\main\AndroidManifest.xml:33:18-40
117
118        <activity
118-->src\main\AndroidManifest.xml:35:9-42:20
119            android:name="com.artech.android.gam.AuthRedirectActivity"
119-->src\main\AndroidManifest.xml:35:19-77
120            android:exported="true" >
120-->src\main\AndroidManifest.xml:35:78-101
121            <intent-filter>
121-->src\main\AndroidManifest.xml:36:13-41:29
122                <action android:name="android.intent.action.VIEW" />
122-->src\main\AndroidManifest.xml:37:17-68
122-->src\main\AndroidManifest.xml:37:25-66
123
124                <category android:name="android.intent.category.DEFAULT" />
124-->src\main\AndroidManifest.xml:38:17-75
124-->src\main\AndroidManifest.xml:38:27-73
125                <category android:name="android.intent.category.BROWSABLE" />
125-->src\main\AndroidManifest.xml:39:17-77
125-->src\main\AndroidManifest.xml:39:27-75
126
127                <data android:scheme="gxgam19b6d3e600d04fcfa22afc1f9bc22d16" />
127-->src\main\AndroidManifest.xml:40:17-79
127-->src\main\AndroidManifest.xml:40:23-77
128            </intent-filter>
129        </activity>
130        <activity
130-->[com.genexus:CoreExternalObjects:17.7.2] AndroidManifest.xml:29:9-31:40
131            android:name="com.genexus.coreexternalobjects.WebBrowserRedirectActivity"
131-->[com.genexus:CoreExternalObjects:17.7.2] AndroidManifest.xml:30:13-86
132            android:exported="false" />
132-->[com.genexus:CoreExternalObjects:17.7.2] AndroidManifest.xml:31:13-37
133        <activity
133-->[com.genexus:FlexibleClient:17.7.2] AndroidManifest.xml:49:9-56:20
134            android:name="com.artech.activities.GenexusActivity"
134-->[com.genexus:FlexibleClient:17.7.2] AndroidManifest.xml:50:13-65
135            android:label="@string/app_name"
135-->[com.genexus:FlexibleClient:17.7.2] AndroidManifest.xml:51:13-45
136            android:windowSoftInputMode="stateAlwaysHidden|adjustResize" >
136-->[com.genexus:FlexibleClient:17.7.2] AndroidManifest.xml:52:13-73
137            <meta-data
137-->[com.genexus:FlexibleClient:17.7.2] AndroidManifest.xml:53:13-55:76
138                android:name="android.app.default_searchable"
138-->[com.genexus:FlexibleClient:17.7.2] AndroidManifest.xml:54:17-62
139                android:value="com.artech.activities.SearchStubActivity" />
139-->[com.genexus:FlexibleClient:17.7.2] AndroidManifest.xml:55:17-73
140        </activity>
141        <activity
141-->[com.genexus:FlexibleClient:17.7.2] AndroidManifest.xml:57:9-71:20
142            android:name="com.artech.activities.SearchStubActivity"
142-->[com.genexus:FlexibleClient:17.7.2] AndroidManifest.xml:58:13-68
143            android:exported="false" >
143-->[com.genexus:FlexibleClient:17.7.2] AndroidManifest.xml:59:13-37
144
145            <!-- Receives search requests. -->
146            <intent-filter>
146-->[com.genexus:FlexibleClient:17.7.2] AndroidManifest.xml:62:13-66:29
147                <action android:name="android.intent.action.SEARCH" />
147-->[com.genexus:FlexibleClient:17.7.2] AndroidManifest.xml:63:17-71
147-->[com.genexus:FlexibleClient:17.7.2] AndroidManifest.xml:63:25-68
148
149                <category android:name="android.intent.category.DEFAULT" />
149-->src\main\AndroidManifest.xml:38:17-75
149-->src\main\AndroidManifest.xml:38:27-73
150            </intent-filter>
151
152            <meta-data
152-->[com.genexus:FlexibleClient:17.7.2] AndroidManifest.xml:68:13-70:54
153                android:name="android.app.searchable"
153-->[com.genexus:FlexibleClient:17.7.2] AndroidManifest.xml:69:17-54
154                android:resource="@xml/searchable" />
154-->[com.genexus:FlexibleClient:17.7.2] AndroidManifest.xml:70:17-51
155        </activity>
156        <activity android:name="com.artech.activities.BTDeviceListActivity" />
156-->[com.genexus:FlexibleClient:17.7.2] AndroidManifest.xml:75:9-79
156-->[com.genexus:FlexibleClient:17.7.2] AndroidManifest.xml:75:19-76
157        <activity
157-->[com.genexus:FlexibleClient:17.7.2] AndroidManifest.xml:76:9-79:20
158            android:name="com.artech.activities.WebViewActivity"
158-->[com.genexus:FlexibleClient:17.7.2] AndroidManifest.xml:77:13-65
159            android:label="@string/GXM_Loading" >
159-->[com.genexus:FlexibleClient:17.7.2] AndroidManifest.xml:78:13-48
160        </activity>
161        <activity
161-->[com.genexus:FlexibleClient:17.7.2] AndroidManifest.xml:80:9-83:20
162            android:name="com.artech.activities.VideoViewActivity"
162-->[com.genexus:FlexibleClient:17.7.2] AndroidManifest.xml:81:13-67
163            android:label="@string/GXM_Loading" >
163-->[com.genexus:FlexibleClient:17.7.2] AndroidManifest.xml:82:13-48
164        </activity>
165        <activity
165-->[com.genexus:FlexibleClient:17.7.2] AndroidManifest.xml:84:9-87:20
166            android:name="com.artech.application.Preferences"
166-->[com.genexus:FlexibleClient:17.7.2] AndroidManifest.xml:85:13-62
167            android:label="@string/GXM_Preferences" >
167-->[com.genexus:FlexibleClient:17.7.2] AndroidManifest.xml:86:13-52
168        </activity>
169        <activity
169-->[com.genexus:FlexibleClient:17.7.2] AndroidManifest.xml:88:9-91:20
170            android:name="com.artech.activities.FiltersActivity"
170-->[com.genexus:FlexibleClient:17.7.2] AndroidManifest.xml:89:13-65
171            android:label="@string/GXM_Filter" >
171-->[com.genexus:FlexibleClient:17.7.2] AndroidManifest.xml:90:13-47
172        </activity>
173        <activity
173-->[com.genexus:FlexibleClient:17.7.2] AndroidManifest.xml:92:9-95:20
174            android:name="com.artech.activities.DetailFiltersActivity"
174-->[com.genexus:FlexibleClient:17.7.2] AndroidManifest.xml:93:13-71
175            android:label="@string/GXM_Filter" >
175-->[com.genexus:FlexibleClient:17.7.2] AndroidManifest.xml:94:13-47
176        </activity>
177        <activity android:name="com.artech.activities.SearchResultsActivity" >
177-->[com.genexus:FlexibleClient:17.7.2] AndroidManifest.xml:96:9-100:20
177-->[com.genexus:FlexibleClient:17.7.2] AndroidManifest.xml:96:19-77
178            <meta-data
178-->[com.genexus:FlexibleClient:17.7.2] AndroidManifest.xml:68:13-70:54
179                android:name="android.app.searchable"
179-->[com.genexus:FlexibleClient:17.7.2] AndroidManifest.xml:69:17-54
180                android:resource="@xml/searchablebox" />
180-->[com.genexus:FlexibleClient:17.7.2] AndroidManifest.xml:70:17-51
181        </activity>
182        <activity android:name="com.artech.activities.LoginBiometricsActivity" />
182-->[com.genexus:FlexibleClient:17.7.2] AndroidManifest.xml:101:9-82
182-->[com.genexus:FlexibleClient:17.7.2] AndroidManifest.xml:101:19-79
183        <activity
183-->[com.genexus:FlexibleClient:17.7.2] AndroidManifest.xml:102:9-106:75
184            android:name="com.artech.android.gam.AuthManagementActivity"
184-->[com.genexus:FlexibleClient:17.7.2] AndroidManifest.xml:103:13-73
185            android:exported="false"
185-->[com.genexus:FlexibleClient:17.7.2] AndroidManifest.xml:104:13-37
186            android:launchMode="singleTask"
186-->[com.genexus:FlexibleClient:17.7.2] AndroidManifest.xml:105:13-44
187            android:theme="@android:style/Theme.Translucent.NoTitleBar" />
187-->[com.genexus:FlexibleClient:17.7.2] AndroidManifest.xml:106:13-72
188
189        <receiver android:name="com.artech.android.notification.NotificationAlert" />
189-->[com.genexus:FlexibleClient:17.7.2] AndroidManifest.xml:108:9-86
189-->[com.genexus:FlexibleClient:17.7.2] AndroidManifest.xml:108:19-83
190
191        <provider
191-->[com.genexus:FlexibleClient:17.7.2] AndroidManifest.xml:110:9-118:20
192            android:name="androidx.core.content.FileProvider"
192-->[com.genexus:FlexibleClient:17.7.2] AndroidManifest.xml:111:13-62
193            android:authorities="com.artech.colaveco.homecolaveco.file_provider"
193-->[com.genexus:FlexibleClient:17.7.2] AndroidManifest.xml:112:13-65
194            android:exported="false"
194-->[com.genexus:FlexibleClient:17.7.2] AndroidManifest.xml:113:13-37
195            android:grantUriPermissions="true" >
195-->[com.genexus:FlexibleClient:17.7.2] AndroidManifest.xml:114:13-47
196            <meta-data
196-->[com.genexus:FlexibleClient:17.7.2] AndroidManifest.xml:115:13-117:56
197                android:name="android.support.FILE_PROVIDER_PATHS"
197-->[com.genexus:FlexibleClient:17.7.2] AndroidManifest.xml:116:17-67
198                android:resource="@xml/shared_files" />
198-->[com.genexus:FlexibleClient:17.7.2] AndroidManifest.xml:117:17-53
199        </provider>
200        <provider
200-->[com.squareup.picasso:picasso:2.8] AndroidManifest.xml:8:9-11:40
201            android:name="com.squareup.picasso.PicassoProvider"
201-->[com.squareup.picasso:picasso:2.8] AndroidManifest.xml:9:13-64
202            android:authorities="com.artech.colaveco.homecolaveco.com.squareup.picasso"
202-->[com.squareup.picasso:picasso:2.8] AndroidManifest.xml:10:13-72
203            android:exported="false" />
203-->[com.squareup.picasso:picasso:2.8] AndroidManifest.xml:11:13-37
204
205        <activity
205-->[com.google.android.gms:play-services-base:17.0.0] AndroidManifest.xml:23:9-26:75
206            android:name="com.google.android.gms.common.api.GoogleApiActivity"
206-->[com.google.android.gms:play-services-base:17.0.0] AndroidManifest.xml:24:13-79
207            android:exported="false"
207-->[com.google.android.gms:play-services-base:17.0.0] AndroidManifest.xml:25:13-37
208            android:theme="@android:style/Theme.Translucent.NoTitleBar" />
208-->[com.google.android.gms:play-services-base:17.0.0] AndroidManifest.xml:26:13-72
209
210        <meta-data
210-->[com.google.android.gms:play-services-basement:17.0.0] AndroidManifest.xml:23:9-25:69
211            android:name="com.google.android.gms.version"
211-->[com.google.android.gms:play-services-basement:17.0.0] AndroidManifest.xml:24:13-58
212            android:value="@integer/google_play_services_version" />
212-->[com.google.android.gms:play-services-basement:17.0.0] AndroidManifest.xml:25:13-66
213
214        <provider
214-->[androidx.lifecycle:lifecycle-process:2.2.0] AndroidManifest.xml:25:9-29:43
215            android:name="androidx.lifecycle.ProcessLifecycleOwnerInitializer"
215-->[androidx.lifecycle:lifecycle-process:2.2.0] AndroidManifest.xml:26:13-79
216            android:authorities="com.artech.colaveco.homecolaveco.lifecycle-process"
216-->[androidx.lifecycle:lifecycle-process:2.2.0] AndroidManifest.xml:27:13-69
217            android:exported="false"
217-->[androidx.lifecycle:lifecycle-process:2.2.0] AndroidManifest.xml:28:13-37
218            android:multiprocess="true" />
218-->[androidx.lifecycle:lifecycle-process:2.2.0] AndroidManifest.xml:29:13-40
219    </application>
220
221</manifest>